24-Sep-2018 14:19:42.714 INFO [main] sun.reflect.NativeMethodAccessorImpl.invoke Server version:        Apache Tomcat (TomEE)/8.5.32 (7.1.0)
24-Sep-2018 14:19:42.714 INFO [main] sun.reflect.NativeMethodAccessorImpl.invoke Server built:          Jun 20 2018 19:50:35 UTC
24-Sep-2018 14:19:42.714 INFO [main] sun.reflect.NativeMethodAccessorImpl.invoke Server number:         8.5.32.0
24-Sep-2018 14:19:42.715 INFO [main] sun.reflect.NativeMethodAccessorImpl.invoke OS Name:               Windows 10
24-Sep-2018 14:19:42.715 INFO [main] sun.reflect.NativeMethodAccessorImpl.invoke OS Version:            10.0
24-Sep-2018 14:19:42.715 INFO [main] sun.reflect.NativeMethodAccessorImpl.invoke Architecture:          amd64
24-Sep-2018 14:19:42.715 INFO [main] sun.reflect.NativeMethodAccessorImpl.invoke Java Home:             C:\Program Files\Java\jdk1.8.0_101\jre
24-Sep-2018 14:19:42.715 INFO [main] sun.reflect.NativeMethodAccessorImpl.invoke JVM Version:           1.8.0_101-b13
24-Sep-2018 14:19:42.715 INFO [main] sun.reflect.NativeMethodAccessorImpl.invoke JVM Vendor:            Oracle Corporation
24-Sep-2018 14:19:42.715 INFO [main] sun.reflect.NativeMethodAccessorImpl.invoke CATALINA_BASE:         C:\Informatica\Jaar 4\OOSE\DEA\Spotitube\apache-tomee-plus-7.1.0
24-Sep-2018 14:19:42.716 INFO [main] sun.reflect.NativeMethodAccessorImpl.invoke CATALINA_HOME:         C:\Informatica\Jaar 4\OOSE\DEA\Spotitube\apache-tomee-plus-7.1.0
24-Sep-2018 14:19:42.716 INFO [main] sun.reflect.NativeMethodAccessorImpl.invoke Command line argument: -Djava.util.logging.config.file=C:/Informatica/Jaar 4/OOSE/DEA/Spotitube/apache-tomee-plus-7.1.0/conf/logging.properties
24-Sep-2018 14:19:42.716 INFO [main] sun.reflect.NativeMethodAccessorImpl.invoke Command line argument: -Djava.util.logging.manager=org.apache.juli.ClassLoaderLogManager
24-Sep-2018 14:19:42.716 INFO [main] sun.reflect.NativeMethodAccessorImpl.invoke Command line argument: -javaagent:C:/Informatica/Jaar 4/OOSE/DEA/Spotitube/apache-tomee-plus-7.1.0/lib/openejb-javaagent.jar
24-Sep-2018 14:19:42.716 INFO [main] sun.reflect.NativeMethodAccessorImpl.invoke Command line argument: -Djdk.tls.ephemeralDHKeySize=2048
24-Sep-2018 14:19:42.716 INFO [main] sun.reflect.NativeMethodAccessorImpl.invoke Command line argument: -Djava.protocol.handler.pkgs=org.apache.catalina.webresources
24-Sep-2018 14:19:42.716 INFO [main] sun.reflect.DelegatingMethodAccessorImpl.invoke Command line argument: -Dorg.apache.catalina.security.SecurityListener.UMASK=0027
24-Sep-2018 14:19:42.716 INFO [main] sun.reflect.DelegatingMethodAccessorImpl.invoke Command line argument: -Dignore.endorsed.dirs=
24-Sep-2018 14:19:42.717 INFO [main] sun.reflect.DelegatingMethodAccessorImpl.invoke Command line argument: -Dcatalina.base=C:/Informatica/Jaar 4/OOSE/DEA/Spotitube/apache-tomee-plus-7.1.0
24-Sep-2018 14:19:42.717 INFO [main] sun.reflect.DelegatingMethodAccessorImpl.invoke Command line argument: -Dcatalina.home=C:/Informatica/Jaar 4/OOSE/DEA/Spotitube/apache-tomee-plus-7.1.0
24-Sep-2018 14:19:42.717 INFO [main] sun.reflect.DelegatingMethodAccessorImpl.invoke Command line argument: -Djava.io.tmpdir=C:/Informatica/Jaar 4/OOSE/DEA/Spotitube/apache-tomee-plus-7.1.0/temp
24-Sep-2018 14:19:42.717 INFO [main] sun.reflect.DelegatingMethodAccessorImpl.invoke The APR based Apache Tomcat Native library which allows optimal performance in production environments was not found on the java.library.path: [C:\Program Files\Java\jdk1.8.0_101\bin;C:\WINDOWS\Sun\Java\bin;C:\WINDOWS\system32;C:\WINDOWS;C:\Users\Marc\bin;C:\Program Files\Git\mingw64\bin;C:\Program Files\Git\usr\local\bin;C:\Program Files\Git\usr\bin;C:\Program Files\Git\usr\bin;C:\Program Files\Git\mingw64\bin;C:\Program Files\Git\usr\bin;C:\Users\Marc\bin;C:\Program Files\Microsoft MPI\Bin;C:\Program Files (x86)\Intel\iCLS Client;C:\Program Files\Intel\iCLS Client;C:\ProgramData\Oracle\Java\javapath;C:\WINDOWS\system32;C:\WINDOWS;C:\WINDOWS\System32\Wbem;C:\WINDOWS\System32\WindowsPowerShell\v1.0;C:\Program Files (x86)\ATI Technologies\ATI.ACE\Core-Static;C:\Program Files\Intel\WiFi\bin;C:\Program Files\Common Files\Intel\WirelessCommon;C:\Program Files\Intel\Intel(R) Management Engine Components\DAL;C:\Program Files\Intel\Intel(R) Management Engine Components\IPT;C:\Program Files (x86)\Intel\Intel(R) Management Engine Components\DAL;C:\Program Files (x86)\Intel\Intel(R) Management Engine Components\IPT;C:\Program Files\Microsoft SQL Server\Client SDK\ODBC\110\Tools\Binn;C:\Program Files (x86)\Windows Live\Shared;%MAVEN_HOME\bin;C:\Program Files\MySQL\MySQL Utilities 1.6;C:\Program Files\Java\jdk1.8.0_101\bin;C:\Program Files (x86)\maven\apache-maven-3.3.9\bin;C:\Program Files (x86)\Microsoft SQL Server\130\Tools\Binn;C:\Program Files\Microsoft SQL Server\130\Tools\Binn;C:\Program Files (x86)\Microsoft SQL Server\130\DTS\Binn;C:\Program Files\Microsoft SQL Server\130\DTS\Binn;C:\Program Files\Microsoft SQL Server\Client SDK\ODBC\130\Tools\Binn;C:\Program Files (x86)\Microsoft SQL Server\Client SDK\ODBC\130\Tools\Binn;C:\Program Files (x86)\Microsoft SQL Server\130\Tools\Binn\ManagementStudio;C:\WINDOWS\system32\config\systemprofile\.dnx\bin;C:\Program Files\Microsoft DNX\Dnvm;C:\Program Files (x86)\Microsoft SQL Server\110\DTS\Binn;C:\Program Files (x86)\Microsoft SQL Server\120\DTS\Binn;C:\Program Files (x86)\Skype\Phone;C:\WINDOWS\System32\OpenSSH;C:\Program Files\Git\cmd;C:\Program Files\Intel\WiFi\bin;C:\Program Files\Common Files\Intel\WirelessCommon;C:\Informatica\Jaar 2\OOSE\DEA\apache-maven-3.3.9\bin;C:\Users\Marc\AppData\Local\Microsoft\WindowsApps;C:\Program Files\Docker Toolbox;C:\Program Files\Git\usr\bin\vendor_perl;C:\Program Files\Git\usr\bin\core_perl;.]
24-Sep-2018 14:19:43.655 INFO [main] sun.reflect.DelegatingMethodAccessorImpl.invoke Initializing ProtocolHandler ["http-nio-8080"]
24-Sep-2018 14:19:44.153 INFO [main] sun.reflect.DelegatingMethodAccessorImpl.invoke Using a shared selector for servlet write/read
24-Sep-2018 14:19:44.167 INFO [main] sun.reflect.DelegatingMethodAccessorImpl.invoke Initializing ProtocolHandler ["ajp-nio-8009"]
24-Sep-2018 14:19:44.171 INFO [main] sun.reflect.DelegatingMethodAccessorImpl.invoke Using a shared selector for servlet write/read
24-Sep-2018 14:19:45.322 INFO [main] org.apache.openejb.util.OptionsLog.info Using 'openejb.jdbc.datasource-creator=org.apache.tomee.jdbc.TomEEDataSourceCreator'
24-Sep-2018 14:19:45.481 INFO [main] org.apache.openejb.OpenEJB$Instance.<init> ********************************************************************************
24-Sep-2018 14:19:45.495 INFO [main] org.apache.openejb.OpenEJB$Instance.<init> OpenEJB http://tomee.apache.org/
24-Sep-2018 14:19:45.495 INFO [main] org.apache.openejb.OpenEJB$Instance.<init> Startup: Mon Sep 24 14:19:45 CEST 2018
24-Sep-2018 14:19:45.495 INFO [main] org.apache.openejb.OpenEJB$Instance.<init> Copyright 1999-2018 (C) Apache OpenEJB Project, All Rights Reserved.
24-Sep-2018 14:19:45.495 INFO [main] org.apache.openejb.OpenEJB$Instance.<init> Version: 7.1.0
24-Sep-2018 14:19:45.495 INFO [main] org.apache.openejb.OpenEJB$Instance.<init> Build date: 20180902
24-Sep-2018 14:19:45.496 INFO [main] org.apache.openejb.OpenEJB$Instance.<init> Build time: 09:50
24-Sep-2018 14:19:45.496 INFO [main] org.apache.openejb.OpenEJB$Instance.<init> ********************************************************************************
24-Sep-2018 14:19:45.496 INFO [main] org.apache.openejb.OpenEJB$Instance.<init> openejb.home = C:\Informatica\Jaar 4\OOSE\DEA\Spotitube\apache-tomee-plus-7.1.0
24-Sep-2018 14:19:45.496 INFO [main] org.apache.openejb.OpenEJB$Instance.<init> openejb.base = C:\Informatica\Jaar 4\OOSE\DEA\Spotitube\apache-tomee-plus-7.1.0
24-Sep-2018 14:19:45.498 INFO [main] org.apache.openejb.cdi.CdiBuilder.initializeOWB Created new singletonService org.apache.openejb.cdi.ThreadSingletonServiceImpl@4ddced80
24-Sep-2018 14:19:45.498 INFO [main] org.apache.openejb.cdi.CdiBuilder.initializeOWB Succeeded in installing singleton service
24-Sep-2018 14:19:45.550 INFO [main] org.apache.openejb.config.ConfigurationFactory.init TomEE configuration file is 'C:\Informatica\Jaar 4\OOSE\DEA\Spotitube\apache-tomee-plus-7.1.0\conf\tomee.xml'
24-Sep-2018 14:19:45.608 INFO [main] org.apache.openejb.config.ConfigurationFactory.configureService Configuring Service(id=Tomcat Security Service, type=SecurityService, provider-id=Tomcat Security Service)
24-Sep-2018 14:19:45.610 INFO [main] org.apache.openejb.config.ConfigurationFactory.configureService Configuring Service(id=Default Transaction Manager, type=TransactionManager, provider-id=Default Transaction Manager)
24-Sep-2018 14:19:45.613 INFO [main] org.apache.openejb.util.OptionsLog.info Using 'openejb.deployments.classpath=false'
24-Sep-2018 14:19:45.629 INFO [main] org.apache.openejb.assembler.classic.Assembler.createRecipe Creating TransactionManager(id=Default Transaction Manager)
24-Sep-2018 14:19:45.691 INFO [main] org.apache.openejb.assembler.classic.Assembler.createRecipe Creating SecurityService(id=Tomcat Security Service)
24-Sep-2018 14:19:45.952 INFO [main] org.apache.openejb.server.ServiceManager.initServer Creating ServerService(id=cxf)
24-Sep-2018 14:19:46.257 INFO [main] org.apache.openejb.server.ServiceManager.initServer Creating ServerService(id=cxf-rs)
24-Sep-2018 14:19:46.336 INFO [main] org.apache.openejb.server.SimpleServiceManager.start   ** Bound Services **
24-Sep-2018 14:19:46.337 INFO [main] org.apache.openejb.server.SimpleServiceManager.printRow   NAME                 IP              PORT  
24-Sep-2018 14:19:46.337 INFO [main] org.apache.openejb.server.SimpleServiceManager.start -------
24-Sep-2018 14:19:46.338 INFO [main] org.apache.openejb.server.SimpleServiceManager.start Ready!
24-Sep-2018 14:19:46.338 INFO [main] sun.reflect.DelegatingMethodAccessorImpl.invoke Initialization processed in 4606 ms
24-Sep-2018 14:19:46.372 INFO [main] org.apache.tomee.catalina.OpenEJBNamingContextListener.bindResource Importing a Tomcat Resource with id 'UserDatabase' of type 'org.apache.catalina.UserDatabase'.
24-Sep-2018 14:19:46.372 INFO [main] org.apache.openejb.assembler.classic.Assembler.createRecipe Creating Resource(id=UserDatabase)
24-Sep-2018 14:19:46.377 INFO [main] sun.reflect.DelegatingMethodAccessorImpl.invoke Starting service [Catalina]
24-Sep-2018 14:19:46.378 INFO [main] sun.reflect.DelegatingMethodAccessorImpl.invoke Starting Servlet Engine: Apache Tomcat (TomEE)/8.5.32 (7.1.0)
24-Sep-2018 14:19:46.394 INFO [localhost-startStop-1] sun.reflect.DelegatingMethodAccessorImpl.invoke Deploying web application directory [C:\Informatica\Jaar 4\OOSE\DEA\Spotitube\apache-tomee-plus-7.1.0\webapps\docs]
24-Sep-2018 14:19:46.407 INFO [localhost-startStop-1] org.apache.tomee.catalina.TomcatWebAppBuilder.init ------------------------- localhost -> /docs
24-Sep-2018 14:19:46.762 INFO [localhost-startStop-1] org.apache.openejb.config.ConfigurationFactory.configureApplication Configuring enterprise application: C:\Informatica\Jaar 4\OOSE\DEA\Spotitube\apache-tomee-plus-7.1.0\webapps\docs
24-Sep-2018 14:19:46.831 INFO [localhost-startStop-1] org.apache.openejb.config.AppInfoBuilder.build Enterprise application "C:\Informatica\Jaar 4\OOSE\DEA\Spotitube\apache-tomee-plus-7.1.0\webapps\docs" loaded.
24-Sep-2018 14:19:46.850 INFO [localhost-startStop-1] org.apache.openejb.assembler.classic.Assembler.createApplication Assembling app: C:\Informatica\Jaar 4\OOSE\DEA\Spotitube\apache-tomee-plus-7.1.0\webapps\docs
24-Sep-2018 14:19:47.030 INFO [localhost-startStop-1] org.apache.openejb.assembler.classic.Assembler.createApplication Deployed Application(path=C:\Informatica\Jaar 4\OOSE\DEA\Spotitube\apache-tomee-plus-7.1.0\webapps\docs)
24-Sep-2018 14:19:47.303 INFO [localhost-startStop-1] org.apache.jasper.servlet.TldScanner.scanJars At least one JAR was scanned for TLDs yet contained no TLDs. Enable debug logging for this logger for a complete list of JARs that were scanned but no TLDs were found in them. Skipping unneeded JARs during scanning can improve startup time and JSP compilation time.
24-Sep-2018 14:19:47.411 INFO [localhost-startStop-1] sun.reflect.DelegatingMethodAccessorImpl.invoke Deployment of web application directory [C:\Informatica\Jaar 4\OOSE\DEA\Spotitube\apache-tomee-plus-7.1.0\webapps\docs] has finished in [1,016] ms
24-Sep-2018 14:19:47.411 INFO [localhost-startStop-1] sun.reflect.DelegatingMethodAccessorImpl.invoke Deploying web application directory [C:\Informatica\Jaar 4\OOSE\DEA\Spotitube\apache-tomee-plus-7.1.0\webapps\host-manager]
24-Sep-2018 14:19:47.415 INFO [localhost-startStop-1] org.apache.tomee.catalina.TomcatWebAppBuilder.init ------------------------- localhost -> /host-manager
24-Sep-2018 14:19:47.524 INFO [localhost-startStop-1] org.apache.openejb.config.ConfigurationFactory.configureApplication Configuring enterprise application: C:\Informatica\Jaar 4\OOSE\DEA\Spotitube\apache-tomee-plus-7.1.0\webapps\host-manager
24-Sep-2018 14:19:47.547 INFO [localhost-startStop-1] org.apache.openejb.config.AppInfoBuilder.build Enterprise application "C:\Informatica\Jaar 4\OOSE\DEA\Spotitube\apache-tomee-plus-7.1.0\webapps\host-manager" loaded.
24-Sep-2018 14:19:47.548 INFO [localhost-startStop-1] org.apache.openejb.assembler.classic.Assembler.createApplication Assembling app: C:\Informatica\Jaar 4\OOSE\DEA\Spotitube\apache-tomee-plus-7.1.0\webapps\host-manager
24-Sep-2018 14:19:47.559 INFO [localhost-startStop-1] org.apache.tomee.catalina.TomcatWebAppBuilder.deployWebApps using context file C:\Informatica\Jaar 4\OOSE\DEA\Spotitube\apache-tomee-plus-7.1.0\webapps\host-manager\META-INF\context.xml
24-Sep-2018 14:19:47.561 INFO [localhost-startStop-1] org.apache.openejb.assembler.classic.Assembler.createApplication Deployed Application(path=C:\Informatica\Jaar 4\OOSE\DEA\Spotitube\apache-tomee-plus-7.1.0\webapps\host-manager)
24-Sep-2018 14:19:47.608 INFO [localhost-startStop-1] org.apache.jasper.servlet.TldScanner.scanJars At least one JAR was scanned for TLDs yet contained no TLDs. Enable debug logging for this logger for a complete list of JARs that were scanned but no TLDs were found in them. Skipping unneeded JARs during scanning can improve startup time and JSP compilation time.
24-Sep-2018 14:19:47.663 INFO [localhost-startStop-1] sun.reflect.DelegatingMethodAccessorImpl.invoke Deployment of web application directory [C:\Informatica\Jaar 4\OOSE\DEA\Spotitube\apache-tomee-plus-7.1.0\webapps\host-manager] has finished in [252] ms
24-Sep-2018 14:19:47.664 INFO [localhost-startStop-1] sun.reflect.DelegatingMethodAccessorImpl.invoke Deploying web application directory [C:\Informatica\Jaar 4\OOSE\DEA\Spotitube\apache-tomee-plus-7.1.0\webapps\manager]
24-Sep-2018 14:19:47.666 INFO [localhost-startStop-1] org.apache.tomee.catalina.TomcatWebAppBuilder.init ------------------------- localhost -> /manager
24-Sep-2018 14:19:47.762 INFO [localhost-startStop-1] org.apache.openejb.config.ConfigurationFactory.configureApplication Configuring enterprise application: C:\Informatica\Jaar 4\OOSE\DEA\Spotitube\apache-tomee-plus-7.1.0\webapps\manager
24-Sep-2018 14:19:47.777 INFO [localhost-startStop-1] org.apache.openejb.config.AppInfoBuilder.build Enterprise application "C:\Informatica\Jaar 4\OOSE\DEA\Spotitube\apache-tomee-plus-7.1.0\webapps\manager" loaded.
24-Sep-2018 14:19:47.777 INFO [localhost-startStop-1] org.apache.openejb.assembler.classic.Assembler.createApplication Assembling app: C:\Informatica\Jaar 4\OOSE\DEA\Spotitube\apache-tomee-plus-7.1.0\webapps\manager
24-Sep-2018 14:19:47.787 INFO [localhost-startStop-1] org.apache.tomee.catalina.TomcatWebAppBuilder.deployWebApps using context file C:\Informatica\Jaar 4\OOSE\DEA\Spotitube\apache-tomee-plus-7.1.0\webapps\manager\META-INF\context.xml
24-Sep-2018 14:19:47.788 INFO [localhost-startStop-1] org.apache.openejb.assembler.classic.Assembler.createApplication Deployed Application(path=C:\Informatica\Jaar 4\OOSE\DEA\Spotitube\apache-tomee-plus-7.1.0\webapps\manager)
24-Sep-2018 14:19:47.832 INFO [localhost-startStop-1] org.apache.jasper.servlet.TldScanner.scanJars At least one JAR was scanned for TLDs yet contained no TLDs. Enable debug logging for this logger for a complete list of JARs that were scanned but no TLDs were found in them. Skipping unneeded JARs during scanning can improve startup time and JSP compilation time.
24-Sep-2018 14:19:47.869 INFO [localhost-startStop-1] sun.reflect.DelegatingMethodAccessorImpl.invoke Deployment of web application directory [C:\Informatica\Jaar 4\OOSE\DEA\Spotitube\apache-tomee-plus-7.1.0\webapps\manager] has finished in [204] ms
24-Sep-2018 14:19:47.869 INFO [localhost-startStop-1] sun.reflect.DelegatingMethodAccessorImpl.invoke Deploying web application directory [C:\Informatica\Jaar 4\OOSE\DEA\Spotitube\apache-tomee-plus-7.1.0\webapps\ROOT]
24-Sep-2018 14:19:47.870 INFO [localhost-startStop-1] org.apache.tomee.catalina.TomcatWebAppBuilder.init ------------------------- localhost -> /
24-Sep-2018 14:19:47.937 INFO [localhost-startStop-1] org.apache.openejb.config.ConfigurationFactory.configureApplication Configuring enterprise application: C:\Informatica\Jaar 4\OOSE\DEA\Spotitube\apache-tomee-plus-7.1.0\webapps\ROOT
24-Sep-2018 14:19:47.944 INFO [localhost-startStop-1] org.apache.openejb.config.AppInfoBuilder.build Enterprise application "C:\Informatica\Jaar 4\OOSE\DEA\Spotitube\apache-tomee-plus-7.1.0\webapps\ROOT" loaded.
24-Sep-2018 14:19:47.945 INFO [localhost-startStop-1] org.apache.openejb.assembler.classic.Assembler.createApplication Assembling app: C:\Informatica\Jaar 4\OOSE\DEA\Spotitube\apache-tomee-plus-7.1.0\webapps\ROOT
24-Sep-2018 14:19:47.957 INFO [localhost-startStop-1] org.apache.openejb.assembler.classic.Assembler.createApplication Deployed Application(path=C:\Informatica\Jaar 4\OOSE\DEA\Spotitube\apache-tomee-plus-7.1.0\webapps\ROOT)
24-Sep-2018 14:19:47.992 INFO [localhost-startStop-1] org.apache.jasper.servlet.TldScanner.scanJars At least one JAR was scanned for TLDs yet contained no TLDs. Enable debug logging for this logger for a complete list of JARs that were scanned but no TLDs were found in them. Skipping unneeded JARs during scanning can improve startup time and JSP compilation time.
24-Sep-2018 14:19:48.023 INFO [localhost-startStop-1] sun.reflect.DelegatingMethodAccessorImpl.invoke Deployment of web application directory [C:\Informatica\Jaar 4\OOSE\DEA\Spotitube\apache-tomee-plus-7.1.0\webapps\ROOT] has finished in [154] ms
24-Sep-2018 14:19:48.055 INFO [main] sun.reflect.DelegatingMethodAccessorImpl.invoke Starting ProtocolHandler ["http-nio-8080"]
24-Sep-2018 14:19:48.064 INFO [main] sun.reflect.DelegatingMethodAccessorImpl.invoke Starting ProtocolHandler ["ajp-nio-8009"]
24-Sep-2018 14:19:48.068 INFO [main] sun.reflect.DelegatingMethodAccessorImpl.invoke Server startup in 1729 ms
24-Sep-2018 15:02:36.352 WARNING [main] sun.reflect.NativeMethodAccessorImpl.invoke StandardServer.await: Invalid command '' received
24-Sep-2018 15:05:02.574 WARNING [main] sun.reflect.NativeMethodAccessorImpl.invoke StandardServer.await: Invalid command '' received
24-Sep-2018 15:05:58.430 WARNING [main] sun.reflect.NativeMethodAccessorImpl.invoke StandardServer.await: Invalid command '' received
24-Sep-2018 15:06:49.374 WARNING [main] sun.reflect.NativeMethodAccessorImpl.invoke StandardServer.await: Invalid command '' received
24-Sep-2018 15:13:24.658 WARNING [main] sun.reflect.NativeMethodAccessorImpl.invoke StandardServer.await: Invalid command '' received
24-Sep-2018 15:14:05.643 WARNING [main] sun.reflect.NativeMethodAccessorImpl.invoke StandardServer.await: Invalid command '' received
24-Sep-2018 15:19:33.871 WARNING [main] sun.reflect.NativeMethodAccessorImpl.invoke StandardServer.await: Invalid command '' received
27-Sep-2018 09:53:50.481 WARNING [main] sun.reflect.NativeMethodAccessorImpl.invoke StandardServer.await: Invalid command '' received
27-Sep-2018 09:54:14.648 WARNING [main] sun.reflect.NativeMethodAccessorImpl.invoke StandardServer.await: Invalid command '' received
27-Sep-2018 10:02:51.765 WARNING [main] sun.reflect.NativeMethodAccessorImpl.invoke StandardServer.await: Invalid command '' received
27-Sep-2018 10:21:13.424 WARNING [main] sun.reflect.NativeMethodAccessorImpl.invoke StandardServer.await: Invalid command '' received
27-Sep-2018 10:41:08.389 WARNING [main] sun.reflect.NativeMethodAccessorImpl.invoke StandardServer.await: Invalid command '' received
titube/apache-tomee-plus-7.1.0/conf/logging.properties
24-Sep-2018 14:46:01.377 INFO [main] sun.reflect.NativeMethodAccessorImpl.invoke Command line argument: -Djava.util.logging.manager=org.apache.juli.ClassLoaderLogManager
24-Sep-2018 14:46:01.377 INFO [main] sun.reflect.NativeMethodAccessorImpl.invoke Command line argument: -javaagent:C:/Informatica/Jaar 4/OOSE/DEA/Spotitube/apache-tomee-plus-7.1.0/lib/openejb-javaagent.jar
24-Sep-2018 14:46:01.377 INFO [main] sun.reflect.NativeMethodAccessorImpl.invoke Command line argument: -Djdk.tls.ephemeralDHKeySize=2048
24-Sep-2018 14:46:01.377 INFO [main] sun.reflect.NativeMethodAccessorImpl.invoke Command line argument: -Djava.protocol.handler.pkgs=org.apache.catalina.webresources
24-Sep-2018 14:46:01.377 INFO [main] sun.reflect.DelegatingMethodAccessorImpl.invoke Command line argument: -Dorg.apache.catalina.security.SecurityListener.UMASK=0027
24-Sep-2018 14:46:01.377 INFO [main] sun.reflect.DelegatingMethodAccessorImpl.invoke Command line argument: -Dignore.endorsed.dirs=
24-Sep-2018 14:46:01.377 INFO [main] sun.reflect.DelegatingMethodAccessorImpl.invoke Command line argument: -Dcatalina.base=C:/Informatica/Jaar 4/OOSE/DEA/Spotitube/apache-tomee-plus-7.1.0
24-Sep-2018 14:46:01.378 INFO [main] sun.reflect.DelegatingMethodAccessorImpl.invoke Command line argument: -Dcatalina.home=C:/Informatica/Jaar 4/OOSE/DEA/Spotitube/apache-tomee-plus-7.1.0
24-Sep-2018 14:46:01.378 INFO [main] sun.reflect.DelegatingMethodAccessorImpl.invoke Command line argument: -Djava.io.tmpdir=C:/Informatica/Jaar 4/OOSE/DEA/Spotitube/apache-tomee-plus-7.1.0/temp
24-Sep-2018 14:46:01.378 INFO [main] sun.reflect.DelegatingMethodAccessorImpl.invoke The APR based Apache Tomcat Native library which allows optimal performance in production environments was not found on the java.library.path: [C:\Program Files\Java\jdk1.8.0_101\bin;C:\WINDOWS\Sun\Java\bin;C:\WINDOWS\system32;C:\WINDOWS;C:\Users\Marc\bin;C:\Program Files\Git\mingw64\bin;C:\Program Files\Git\usr\local\bin;C:\Program Files\Git\usr\bin;C:\Program Files\Git\usr\bin;C:\Program Files\Git\mingw64\bin;C:\Program Files\Git\usr\bin;C:\Users\Marc\bin;C:\Program Files\Microsoft MPI\Bin;C:\Program Files (x86)\Intel\iCLS Client;C:\Program Files\Intel\iCLS Client;C:\ProgramData\Oracle\Java\javapath;C:\WINDOWS\system32;C:\WINDOWS;C:\WINDOWS\System32\Wbem;C:\WINDOWS\System32\WindowsPowerShell\v1.0;C:\Program Files (x86)\ATI Technologies\ATI.ACE\Core-Static;C:\Program Files\Intel\WiFi\bin;C:\Program Files\Common Files\Intel\WirelessCommon;C:\Program Files\Intel\Intel(R) Management Engine Components\DAL;C:\Program Files\Intel\Intel(R) Management Engine Components\IPT;C:\Program Files (x86)\Intel\Intel(R) Management Engine Components\DAL;C:\Program Files (x86)\Intel\Intel(R) Management Engine Components\IPT;C:\Program Files\Microsoft SQL Server\Client SDK\ODBC\110\Tools\Binn;C:\Program Files (x86)\Windows Live\Shared;%MAVEN_HOME\bin;C:\Program Files\MySQL\MySQL Utilities 1.6;C:\Program Files\Java\jdk1.8.0_101\bin;C:\Program Files (x86)\maven\apache-maven-3.3.9\bin;C:\Program Files (x86)\Microsoft SQL Server\130\Tools\Binn;C:\Program Files\Microsoft SQL Server\130\Tools\Binn;C:\Program Files (x86)\Microsoft SQL Server\130\DTS\Binn;C:\Program Files\Microsoft SQL Server\130\DTS\Binn;C:\Program Files\Microsoft SQL Server\Client SDK\ODBC\130\Tools\Binn;C:\Program Files (x86)\Microsoft SQL Server\Client SDK\ODBC\130\Tools\Binn;C:\Program Files (x86)\Microsoft SQL Server\130\Tools\Binn\ManagementStudio;C:\WINDOWS\system32\config\systemprofile\.dnx\bin;C:\Program Files\Microsoft DNX\Dnvm;C:\Program Files (x86)\Microsoft SQL Server\110\DTS\Binn;C:\Program Files (x86)\Microsoft SQL Server\120\DTS\Binn;C:\Program Files (x86)\Skype\Phone;C:\WINDOWS\System32\OpenSSH;C:\Program Files\Git\cmd;C:\Program Files\Intel\WiFi\bin;C:\Program Files\Common Files\Intel\WirelessCommon;C:\Informatica\Jaar 2\OOSE\DEA\apache-maven-3.3.9\bin;C:\Users\Marc\AppData\Local\Microsoft\WindowsApps;C:\Program Files\Docker Toolbox;C:\Program Files\Git\usr\bin\vendor_perl;C:\Program Files\Git\usr\bin\core_perl;.]
24-Sep-2018 14:46:01.643 INFO [main] sun.reflect.DelegatingMethodAccessorImpl.invoke Initializing ProtocolHandler ["http-nio-8080"]
24-Sep-2018 14:46:01.662 SEVERE [main] sun.reflect.NativeMethodAccessorImpl.invoke Failed to initialize connector [Connector[HTTP/1.1-8080]]
 org.apache.catalina.LifecycleException: Failed to initialize component [Connector[HTTP/1.1-8080]]
	at org.apache.catalina.util.LifecycleBase.init(LifecycleBase.java:112)
	at org.apache.catalina.core.StandardService.initInternal(StandardService.java:549)
	at org.apache.catalina.util.LifecycleBase.init(LifecycleBase.java:107)
	at org.apache.catalina.core.StandardServer.initInternal(StandardServer.java:875)
	at org.apache.catalina.util.LifecycleBase.init(LifecycleBase.java:107)
	at org.apache.catalina.startup.Catalina.load(Catalina.java:632)
	at org.apache.catalina.startup.Catalina.load(Catalina.java:655)
	at sun.reflect.NativeMethodAccessorImpl.invoke0(Native Method)
	at sun.reflect.NativeMethodAccessorImpl.invoke(NativeMethodAccessorImpl.java:62)
	at sun.reflect.DelegatingMethodAccessorImpl.invoke(DelegatingMethodAccessorImpl.java:43)
	at java.lang.reflect.Method.invoke(Method.java:498)
	at org.apache.catalina.startup.Bootstrap.load(Bootstrap.java:309)
	at org.apache.catalina.startup.Bootstrap.main(Bootstrap.java:492)
Caused by: org.apache.catalina.LifecycleException: Protocol handler initialization failed
	at org.apache.catalina.connector.Connector.initInternal(Connector.java:995)
	at org.apache.catalina.util.LifecycleBase.init(LifecycleBase.java:107)
	... 12 more
Caused by: java.net.BindException: Address already in use: bind
	at sun.nio.ch.Net.bind0(Native Method)
	at sun.nio.ch.Net.bind(Net.java:433)
	at sun.nio.ch.Net.bind(Net.java:425)
	at sun.nio.ch.ServerSocketChannelImpl.bind(ServerSocketChannelImpl.java:223)
	at sun.nio.ch.ServerSocketAdaptor.bind(ServerSocketAdaptor.java:74)
	at org.apache.tomcat.util.net.NioEndpoint.bind(NioEndpoint.java:210)
	at org.apache.tomcat.util.net.AbstractEndpoint.init(AbstractEndpoint.java:1086)
	at org.apache.tomcat.util.net.AbstractJsseEndpoint.init(AbstractJsseEndpoint.java:268)
	at org.apache.coyote.AbstractProtocol.init(AbstractProtocol.java:581)
	at org.apache.coyote.http11.AbstractHttp11Protocol.init(AbstractHttp11Protocol.java:68)
	at org.apache.catalina.connector.Connector.initInternal(Connector.java:993)
	... 13 more

24-Sep-2018 14:46:01.662 INFO [main] sun.reflect.DelegatingMethodAccessorImpl.invoke Initializing ProtocolHandler ["ajp-nio-8009"]
24-Sep-2018 14:46:01.667 SEVERE [main] sun.reflect.NativeMethodAccessorImpl.invoke Failed to initialize connector [Connector[AJP/1.3-8009]]
 org.apache.catalina.LifecycleException: Failed to initialize component [Connector[AJP/1.3-8009]]
	at org.apache.catalina.util.LifecycleBase.init(LifecycleBase.java:112)
	at org.apache.catalina.core.StandardService.initInternal(StandardService.java:549)
	at org.apache.catalina.util.LifecycleBase.init(LifecycleBase.java:107)
	at org.apache.catalina.core.StandardServer.initInternal(StandardServer.java:875)
	at org.apache.catalina.util.LifecycleBase.init(LifecycleBase.java:107)
	at org.apache.catalina.startup.Catalina.load(Catalina.java:632)
	at org.apache.catalina.startup.Catalina.load(Catalina.java:655)
	at sun.reflect.NativeMethodAccessorImpl.invoke0(Native Method)
	at sun.reflect.NativeMethodAccessorImpl.invoke(NativeMethodAccessorImpl.java:62)
	at sun.reflect.DelegatingMethodAccessorImpl.invoke(DelegatingMethodAccessorImpl.java:43)
	at java.lang.reflect.Method.invoke(Method.java:498)
	at org.apache.catalina.startup.Bootstrap.load(Bootstrap.java:309)
	at org.apache.catalina.startup.Bootstrap.main(Bootstrap.java:492)
Caused by: org.apache.catalina.LifecycleException: Protocol handler initialization failed
	at org.apache.catalina.connector.Connector.initInternal(Connector.java:995)
	at org.apache.catalina.util.LifecycleBase.init(LifecycleBase.java:107)
	... 12 more
Caused by: java.net.BindException: Address already in use: bind
	at sun.nio.ch.Net.bind0(Native Method)
	at sun.nio.ch.Net.bind(Net.java:433)
	at sun.nio.ch.Net.bind(Net.java:425)
	at sun.nio.ch.ServerSocketChannelImpl.bind(ServerSocketChannelImpl.java:223)
	at sun.nio.ch.ServerSocketAdaptor.bind(ServerSocketAdaptor.java:74)
	at org.apache.tomcat.util.net.NioEndpoint.bind(NioEndpoint.java:210)
	at org.apache.tomcat.util.net.AbstractEndpoint.init(AbstractEndpoint.java:1086)
	at org.apache.tomcat.util.net.AbstractJsseEndpoint.init(AbstractJsseEndpoint.java:268)
	at org.apache.coyote.AbstractProtocol.init(AbstractProtocol.java:581)
	at org.apache.catalina.connector.Connector.initInternal(Connector.java:993)
	... 13 more

24-Sep-2018 14:46:02.457 INFO [main] org.apache.openejb.util.OptionsLog.info Using 'openejb.jdbc.datasource-creator=org.apache.tomee.jdbc.TomEEDataSourceCreator'
24-Sep-2018 14:46:02.597 INFO [main] org.apache.openejb.OpenEJB$Instance.<init> ********************************************************************************
24-Sep-2018 14:46:02.598 INFO [main] org.apache.openejb.OpenEJB$Instance.<init> OpenEJB http://tomee.apache.org/
24-Sep-2018 14:46:02.599 INFO [main] org.apache.openejb.OpenEJB$Instance.<init> Startup: Mon Sep 24 14:46:02 CEST 2018
24-Sep-2018 14:46:02.600 INFO [main] org.apache.openejb.OpenEJB$Instance.<init> Copyright 1999-2018 (C) Apache OpenEJB Project, All Rights Reserved.
24-Sep-2018 14:46:02.601 INFO [main] org.apache.openejb.OpenEJB$Instance.<init> Version: 7.1.0
24-Sep-2018 14:46:02.601 INFO [main] org.apache.openejb.OpenEJB$Instance.<init> Build date: 20180902
24-Sep-2018 14:46:02.601 INFO [main] org.apache.openejb.OpenEJB$Instance.<init> Build time: 09:50
24-Sep-2018 14:46:02.602 INFO [main] org.apache.openejb.OpenEJB$Instance.<init> ********************************************************************************
24-Sep-2018 14:46:02.602 INFO [main] org.apache.openejb.OpenEJB$Instance.<init> openejb.home = C:\Informatica\Jaar 4\OOSE\DEA\Spotitube\apache-tomee-plus-7.1.0
24-Sep-2018 14:46:02.603 INFO [main] org.apache.openejb.OpenEJB$Instance.<init> openejb.base = C:\Informatica\Jaar 4\OOSE\DEA\Spotitube\apache-tomee-plus-7.1.0
24-Sep-2018 14:46:02.606 INFO [main] org.apache.openejb.cdi.CdiBuilder.initializeOWB Created new singletonService org.apache.openejb.cdi.ThreadSingletonServiceImpl@501edcf1
24-Sep-2018 14:46:02.606 INFO [main] org.apache.openejb.cdi.CdiBuilder.initializeOWB Succeeded in installing singleton service
24-Sep-2018 14:46:02.669 INFO [main] org.apache.openejb.config.ConfigurationFactory.init TomEE configuration file is 'C:\Informatica\Jaar 4\OOSE\DEA\Spotitube\apache-tomee-plus-7.1.0\conf\tomee.xml'
24-Sep-2018 14:46:02.798 INFO [main] org.apache.openejb.config.ConfigurationFactory.configureService Configuring Service(id=Tomcat Security Service, type=SecurityService, provider-id=Tomcat Security Service)
24-Sep-2018 14:46:02.801 INFO [main] org.apache.openejb.config.ConfigurationFactory.configureService Configuring Service(id=Default Transaction Manager, type=TransactionManager, provider-id=Default Transaction Manager)
24-Sep-2018 14:46:02.806 INFO [main] org.apache.openejb.util.OptionsLog.info Using 'openejb.deployments.classpath=false'
24-Sep-2018 14:46:02.824 INFO [main] org.apache.openejb.assembler.classic.Assembler.createRecipe Creating TransactionManager(id=Default Transaction Manager)
24-Sep-2018 14:46:02.892 INFO [main] org.apache.openejb.assembler.classic.Assembler.createRecipe Creating SecurityService(id=Tomcat Security Service)
24-Sep-2018 14:46:03.059 INFO [main] org.apache.openejb.server.ServiceManager.initServer Creating ServerService(id=cxf)
24-Sep-2018 14:46:03.395 INFO [main] org.apache.openejb.server.ServiceManager.initServer Creating ServerService(id=cxf-rs)
24-Sep-2018 14:46:03.480 INFO [main] org.apache.openejb.server.SimpleServiceManager.start   ** Bound Services **
24-Sep-2018 14:46:03.481 INFO [main] org.apache.openejb.server.SimpleServiceManager.printRow   NAME                 IP              PORT  
24-Sep-2018 14:46:03.481 INFO [main] org.apache.openejb.server.SimpleServiceManager.start -------
24-Sep-2018 14:46:03.481 INFO [main] org.apache.openejb.server.SimpleServiceManager.start Ready!
24-Sep-2018 14:46:03.481 INFO [main] sun.reflect.DelegatingMethodAccessorImpl.invoke Initialization processed in 2753 ms
24-Sep-2018 14:46:03.529 INFO [main] org.apache.tomee.catalina.OpenEJBNamingContextListener.bindResource Importing a Tomcat Resource with id 'UserDatabase' of type 'org.apache.catalina.UserDatabase'.
24-Sep-2018 14:46:03.530 INFO [main] org.apache.openejb.assembler.classic.Assembler.createRecipe Creating Resource(id=UserDatabase)
24-Sep-2018 14:46:03.536 INFO [main] sun.reflect.DelegatingMethodAccessorImpl.invoke Starting service [Catalina]
24-Sep-2018 14:46:03.537 INFO [main] sun.reflect.DelegatingMethodAccessorImpl.invoke Starting Servlet Engine: Apache Tomcat (TomEE)/8.5.32 (7.1.0)
24-Sep-2018 14:46:03.562 INFO [localhost-startStop-1] sun.reflect.DelegatingMethodAccessorImpl.invoke Deploying web application directory [C:\Informatica\Jaar 4\OOSE\DEA\Spotitube\apache-tomee-plus-7.1.0\webapps\docs]
24-Sep-2018 14:46:03.576 INFO [localhost-startStop-1] org.apache.tomee.catalina.TomcatWebAppBuilder.init ------------------------- localhost -> /docs
24-Sep-2018 14:46:03.808 INFO [localhost-startStop-1] org.apache.openejb.config.ConfigurationFactory.configureApplication Configuring enterprise application: C:\Informatica\Jaar 4\OOSE\DEA\Spotitube\apache-tomee-plus-7.1.0\webapps\docs
24-Sep-2018 14:46:03.880 INFO [localhost-startStop-1] org.apache.openejb.config.AppInfoBuilder.build Enterprise application "C:\Informatica\Jaar 4\OOSE\DEA\Spotitube\apache-tomee-plus-7.1.0\webapps\docs" loaded.
24-Sep-2018 14:46:04.432 INFO [localhost-startStop-1] org.apache.openejb.assembler.classic.Assembler.createApplication Assembling app: C:\Informatica\Jaar 4\OOSE\DEA\Spotitube\apache-tomee-plus-7.1.0\webapps\docs
24-Sep-2018 14:46:04.571 INFO [localhost-startStop-1] org.apache.openejb.assembler.classic.Assembler.createApplication Deployed Application(path=C:\Informatica\Jaar 4\OOSE\DEA\Spotitube\apache-tomee-plus-7.1.0\webapps\docs)
24-Sep-2018 14:46:04.867 INFO [localhost-startStop-1] org.apache.jasper.servlet.TldScanner.scanJars At least one JAR was scanned for TLDs yet contained no TLDs. Enable debug logging for this logger for a complete list of JARs that were scanned but no TLDs were found in them. Skipping unneeded JARs during scanning can improve startup time and JSP compilation time.
24-Sep-2018 14:46:04.970 INFO [localhost-startStop-1] sun.reflect.DelegatingMethodAccessorImpl.invoke Deployment of web application directory [C:\Informatica\Jaar 4\OOSE\DEA\Spotitube\apache-tomee-plus-7.1.0\webapps\docs] has finished in [1,407] ms
24-Sep-2018 14:46:04.970 INFO [localhost-startStop-1] sun.reflect.DelegatingMethodAccessorImpl.invoke Deploying web application directory [C:\Informatica\Jaar 4\OOSE\DEA\Spotitube\apache-tomee-plus-7.1.0\webapps\host-manager]
24-Sep-2018 14:46:04.975 INFO [localhost-startStop-1] org.apache.tomee.catalina.TomcatWebAppBuilder.init ------------------------- localhost -> /host-manager
24-Sep-2018 14:46:05.108 INFO [localhost-startStop-1] org.apache.openejb.config.ConfigurationFactory.configureApplication Configuring enterprise application: C:\Informatica\Jaar 4\OOSE\DEA\Spotitube\apache-tomee-plus-7.1.0\webapps\host-manager
24-Sep-2018 14:46:05.126 INFO [localhost-startStop-1] org.apache.openejb.config.AppInfoBuilder.build Enterprise application "C:\Informatica\Jaar 4\OOSE\DEA\Spotitube\apache-tomee-plus-7.1.0\webapps\host-manager" loaded.
24-Sep-2018 14:46:05.126 INFO [localhost-startStop-1] org.apache.openejb.assembler.classic.Assembler.createApplication Assembling app: C:\Informatica\Jaar 4\OOSE\DEA\Spotitube\apache-tomee-plus-7.1.0\webapps\host-manager
24-Sep-2018 14:46:05.135 INFO [localhost-startStop-1] org.apache.tomee.catalina.TomcatWebAppBuilder.deployWebApps using context file C:\Informatica\Jaar 4\OOSE\DEA\Spotitube\apache-tomee-plus-7.1.0\webapps\host-manager\META-INF\context.xml
24-Sep-2018 14:46:05.137 INFO [localhost-startStop-1] org.apache.openejb.assembler.classic.Assembler.createApplication Deployed Application(path=C:\Informatica\Jaar 4\OOSE\DEA\Spotitube\apache-tomee-plus-7.1.0\webapps\host-manager)
24-Sep-2018 14:46:05.197 INFO [localhost-startStop-1] org.apache.jasper.servlet.TldScanner.scanJars At least one JAR was scanned for TLDs yet contained no TLDs. Enable debug logging for this logger for a complete list of JARs that were scanned but no TLDs were found in them. Skipping unneeded JARs during scanning can improve startup time and JSP compilation time.
24-Sep-2018 14:46:05.239 INFO [localhost-startStop-1] sun.reflect.DelegatingMethodAccessorImpl.invoke Deployment of web application directory [C:\Informatica\Jaar 4\OOSE\DEA\Spotitube\apache-tomee-plus-7.1.0\webapps\host-manager] has finished in [269] ms
24-Sep-2018 14:46:05.239 INFO [localhost-startStop-1] sun.reflect.DelegatingMethodAccessorImpl.invoke Deploying web application directory [C:\Informatica\Jaar 4\OOSE\DEA\Spotitube\apache-tomee-plus-7.1.0\webapps\manager]
24-Sep-2018 14:46:05.240 INFO [localhost-startStop-1] org.apache.tomee.catalina.TomcatWebAppBuilder.init ------------------------- localhost -> /manager
24-Sep-2018 14:46:05.339 INFO [localhost-startStop-1] org.apache.openejb.config.ConfigurationFactory.configureApplication Configuring enterprise application: C:\Informatica\Jaar 4\OOSE\DEA\Spotitube\apache-tomee-plus-7.1.0\webapps\manager
24-Sep-2018 14:46:05.375 INFO [localhost-startStop-1] org.apache.openejb.config.AppInfoBuilder.build Enterprise application "C:\Informatica\Jaar 4\OOSE\DEA\Spotitube\apache-tomee-plus-7.1.0\webapps\manager" loaded.
24-Sep-2018 14:46:05.375 INFO [localhost-startStop-1] org.apache.openejb.assembler.classic.Assembler.createApplication Assembling app: C:\Informatica\Jaar 4\OOSE\DEA\Spotitube\apache-tomee-plus-7.1.0\webapps\manager
24-Sep-2018 14:46:05.386 INFO [localhost-startStop-1] org.apache.tomee.catalina.TomcatWebAppBuilder.deployWebApps using context file C:\Informatica\Jaar 4\OOSE\DEA\Spotitube\apache-tomee-plus-7.1.0\webapps\manager\META-INF\context.xml
24-Sep-2018 14:46:05.388 INFO [localhost-startStop-1] org.apache.openejb.assembler.classic.Assembler.createApplication Deployed Application(path=C:\Informatica\Jaar 4\OOSE\DEA\Spotitube\apache-tomee-plus-7.1.0\webapps\manager)
24-Sep-2018 14:46:05.437 INFO [localhost-startStop-1] org.apache.jasper.servlet.TldScanner.scanJars At least one JAR was scanned for TLDs yet contained no TLDs. Enable debug logging for this logger for a complete list of JARs that were scanned but no TLDs were found in them. Skipping unneeded JARs during scanning can improve startup time and JSP compilation time.
24-Sep-2018 14:46:05.481 INFO [localhost-startStop-1] sun.reflect.DelegatingMethodAccessorImpl.invoke Deployment of web application directory [C:\Informatica\Jaar 4\OOSE\DEA\Spotitube\apache-tomee-plus-7.1.0\webapps\manager] has finished in [242] ms
24-Sep-2018 14:46:05.481 INFO [localhost-startStop-1] sun.reflect.DelegatingMethodAccessorImpl.invoke Deploying web application directory [C:\Informatica\Jaar 4\OOSE\DEA\Spotitube\apache-tomee-plus-7.1.0\webapps\ROOT]
24-Sep-2018 14:46:05.481 INFO [localhost-startStop-1] org.apache.tomee.catalina.TomcatWebAppBuilder.init ------------------------- localhost -> /
24-Sep-2018 14:46:05.579 INFO [localhost-startStop-1] org.apache.openejb.config.ConfigurationFactory.configureApplication Configuring enterprise application: C:\Informatica\Jaar 4\OOSE\DEA\Spotitube\apache-tomee-plus-7.1.0\webapps\ROOT
24-Sep-2018 14:46:05.590 INFO [localhost-startStop-1] org.apache.openejb.config.AppInfoBuilder.build Enterprise application "C:\Informatica\Jaar 4\OOSE\DEA\Spotitube\apache-tomee-plus-7.1.0\webapps\ROOT" loaded.
24-Sep-2018 14:46:05.590 INFO [localhost-startStop-1] org.apache.openejb.assembler.classic.Assembler.createApplication Assembling app: C:\Informatica\Jaar 4\OOSE\DEA\Spotitube\apache-tomee-plus-7.1.0\webapps\ROOT
24-Sep-2018 14:46:05.602 INFO [localhost-startStop-1] org.apache.openejb.assembler.classic.Assembler.createApplication Deployed Application(path=C:\Informatica\Jaar 4\OOSE\DEA\Spotitube\apache-tomee-plus-7.1.0\webapps\ROOT)
24-Sep-2018 14:46:05.635 INFO [localhost-startStop-1] org.apache.jasper.servlet.TldScanner.scanJars At least one JAR was scanned for TLDs yet contained no TLDs. Enable debug logging for this logger for a complete list of JARs that were scanned but no TLDs were found in them. Skipping unneeded JARs during scanning can improve startup time and JSP compilation time.
24-Sep-2018 14:46:05.663 INFO [localhost-startStop-1] sun.reflect.DelegatingMethodAccessorImpl.invoke Deployment of web application directory [C:\Informatica\Jaar 4\OOSE\DEA\Spotitube\apache-tomee-plus-7.1.0\webapps\ROOT] has finished in [182] ms
24-Sep-2018 14:46:05.702 INFO [main] sun.reflect.DelegatingMethodAccessorImpl.invoke Server startup in 2220 ms
24-Sep-2018 14:46:05.706 SEVERE [main] sun.reflect.NativeMethodAccessorImpl.invoke StandardServer.await: create[localhost:8005]: 
 java.net.BindException: Address already in use: JVM_Bind
	at java.net.DualStackPlainSocketImpl.bind0(Native Method)
	at java.net.DualStackPlainSocketImpl.socketBind(DualStackPlainSocketImpl.java:106)
	at java.net.AbstractPlainSocketImpl.bind(AbstractPlainSocketImpl.java:387)
	at java.net.PlainSocketImpl.bind(PlainSocketImpl.java:190)
	at java.net.ServerSocket.bind(ServerSocket.java:375)
	at java.net.ServerSocket.<init>(ServerSocket.java:237)
	at org.apache.catalina.core.StandardServer.await(StandardServer.java:440)
	at org.apache.catalina.startup.Catalina.await(Catalina.java:769)
	at org.apache.catalina.startup.Catalina.start(Catalina.java:715)
	at sun.reflect.NativeMethodAccessorImpl.invoke0(Native Method)
	at sun.reflect.NativeMethodAccessorImpl.invoke(NativeMethodAccessorImpl.java:62)
	at sun.reflect.DelegatingMethodAccessorImpl.invoke(DelegatingMethodAccessorImpl.java:43)
	at java.lang.reflect.Method.invoke(Method.java:498)
	at org.apache.catalina.startup.Bootstrap.start(Bootstrap.java:353)
	at org.apache.catalina.startup.Bootstrap.main(Bootstrap.java:493)

24-Sep-2018 14:46:05.706 INFO [main] sun.reflect.DelegatingMethodAccessorImpl.invoke Pausing ProtocolHandler ["http-nio-8080"]
24-Sep-2018 14:46:05.708 INFO [main] sun.reflect.DelegatingMethodAccessorImpl.invoke Pausing ProtocolHandler ["ajp-nio-8009"]
24-Sep-2018 14:46:05.708 INFO [main] sun.reflect.DelegatingMethodAccessorImpl.invoke Stopping service [Catalina]
24-Sep-2018 14:46:05.714 INFO [localhost-startStop-1] org.apache.openejb.assembler.classic.Assembler.destroyApplication Undeploying app: C:\Informatica\Jaar 4\OOSE\DEA\Spotitube\apache-tomee-plus-7.1.0\webapps\docs
24-Sep-2018 14:46:05.795 INFO [localhost-startStop-1] org.apache.openejb.assembler.classic.Assembler.destroyApplication Undeploying app: C:\Informatica\Jaar 4\OOSE\DEA\Spotitube\apache-tomee-plus-7.1.0\webapps\host-manager
24-Sep-2018 14:46:05.869 INFO [localhost-startStop-1] org.apache.openejb.assembler.classic.Assembler.destroyApplication Undeploying app: C:\Informatica\Jaar 4\OOSE\DEA\Spotitube\apache-tomee-plus-7.1.0\webapps\manager
24-Sep-2018 14:46:05.917 INFO [localhost-startStop-1] org.apache.openejb.assembler.classic.Assembler.destroyApplication Undeploying app: C:\Informatica\Jaar 4\OOSE\DEA\Spotitube\apache-tomee-plus-7.1.0\webapps\ROOT
24-Sep-2018 14:46:05.972 INFO [main] org.apache.openejb.server.SimpleServiceManager.stop Stopping server services
24-Sep-2018 14:46:05.985 INFO [main] sun.reflect.DelegatingMethodAccessorImpl.invoke Stopping ProtocolHandler ["http-nio-8080"]
24-Sep-2018 14:46:05.985 INFO [main] sun.reflect.DelegatingMethodAccessorImpl.invoke Destroying ProtocolHandler ["http-nio-8080"]
24-Sep-2018 14:46:05.986 INFO [main] sun.reflect.DelegatingMethodAccessorImpl.invoke Stopping ProtocolHandler ["ajp-nio-8009"]
24-Sep-2018 14:46:05.986 INFO [main] sun.reflect.DelegatingMethodAccessorImpl.invoke Destroying ProtocolHandler ["ajp-nio-8009"]
